mode: set
_/big/home/arduino/widuino/interpol8/interpol8.go:50.98,53.18 1 1
_/big/home/arduino/widuino/interpol8/interpol8.go:56.2,56.14 1 1
_/big/home/arduino/widuino/interpol8/interpol8.go:59.2,59.20 1 1
_/big/home/arduino/widuino/interpol8/interpol8.go:63.2,63.34 1 1
_/big/home/arduino/widuino/interpol8/interpol8.go:70.2,71.16 2 1
_/big/home/arduino/widuino/interpol8/interpol8.go:77.2,85.19 4 1
_/big/home/arduino/widuino/interpol8/interpol8.go:91.2,92.63 2 1
_/big/home/arduino/widuino/interpol8/interpol8.go:311.2,311.17 1 1
_/big/home/arduino/widuino/interpol8/interpol8.go:53.18,55.3 1 0
_/big/home/arduino/widuino/interpol8/interpol8.go:56.14,58.3 1 0
_/big/home/arduino/widuino/interpol8/interpol8.go:59.20,61.3 1 0
_/big/home/arduino/widuino/interpol8/interpol8.go:63.34,64.34 1 1
_/big/home/arduino/widuino/interpol8/interpol8.go:64.34,66.4 1 0
_/big/home/arduino/widuino/interpol8/interpol8.go:71.16,73.3 1 0
_/big/home/arduino/widuino/interpol8/interpol8.go:85.19,87.3 1 1
_/big/home/arduino/widuino/interpol8/interpol8.go:92.63,101.44 2 1
_/big/home/arduino/widuino/interpol8/interpol8.go:109.3,110.45 2 1
_/big/home/arduino/widuino/interpol8/interpol8.go:115.3,119.27 5 1
_/big/home/arduino/widuino/interpol8/interpol8.go:295.3,295.18 1 1
_/big/home/arduino/widuino/interpol8/interpol8.go:101.44,103.4 1 1
_/big/home/arduino/widuino/interpol8/interpol8.go:110.45,112.4 1 1
_/big/home/arduino/widuino/interpol8/interpol8.go:119.27,120.13 1 1
_/big/home/arduino/widuino/interpol8/interpol8.go:124.4,127.48 3 1
_/big/home/arduino/widuino/interpol8/interpol8.go:136.4,136.23 1 1
_/big/home/arduino/widuino/interpol8/interpol8.go:139.4,142.16 3 1
_/big/home/arduino/widuino/interpol8/interpol8.go:156.4,156.11 1 1
_/big/home/arduino/widuino/interpol8/interpol8.go:120.13,121.13 1 1
_/big/home/arduino/widuino/interpol8/interpol8.go:127.48,128.36 1 1
_/big/home/arduino/widuino/interpol8/interpol8.go:131.5,131.36 1 1
_/big/home/arduino/widuino/interpol8/interpol8.go:128.36,130.6 1 1
_/big/home/arduino/widuino/interpol8/interpol8.go:131.36,133.6 1 1
_/big/home/arduino/widuino/interpol8/interpol8.go:136.23,137.13 1 1
_/big/home/arduino/widuino/interpol8/interpol8.go:142.16,143.21 1 1
_/big/home/arduino/widuino/interpol8/interpol8.go:143.21,146.22 2 1
_/big/home/arduino/widuino/interpol8/interpol8.go:146.22,151.7 1 0
_/big/home/arduino/widuino/interpol8/interpol8.go:159.4,159.19 0 1
_/big/home/arduino/widuino/interpol8/interpol8.go:163.4,163.18 0 1
_/big/home/arduino/widuino/interpol8/interpol8.go:167.4,167.19 0 0
_/big/home/arduino/widuino/interpol8/interpol8.go:171.4,174.17 3 1
_/big/home/arduino/widuino/interpol8/interpol8.go:191.4,191.26 0 1
_/big/home/arduino/widuino/interpol8/interpol8.go:195.4,200.17 5 1
_/big/home/arduino/widuino/interpol8/interpol8.go:223.4,228.17 5 1
_/big/home/arduino/widuino/interpol8/interpol8.go:251.4,252.17 1 1
_/big/home/arduino/widuino/interpol8/interpol8.go:287.4,290.44 1 0
_/big/home/arduino/widuino/interpol8/interpol8.go:175.5,176.53 1 1
_/big/home/arduino/widuino/interpol8/interpol8.go:177.5,178.40 1 1
_/big/home/arduino/widuino/interpol8/interpol8.go:178.40,181.44 2 1
_/big/home/arduino/widuino/interpol8/interpol8.go:184.7,184.44 1 1
_/big/home/arduino/widuino/interpol8/interpol8.go:181.44,183.8 1 1
_/big/home/arduino/widuino/interpol8/interpol8.go:184.44,186.8 1 1
_/big/home/arduino/widuino/interpol8/interpol8.go:201.5,203.37 2 1
_/big/home/arduino/widuino/interpol8/interpol8.go:206.6,206.37 1 1
_/big/home/arduino/widuino/interpol8/interpol8.go:209.5,210.30 1 1
_/big/home/arduino/widuino/interpol8/interpol8.go:203.37,205.7 1 1
_/big/home/arduino/widuino/interpol8/interpol8.go:206.37,208.7 1 1
_/big/home/arduino/widuino/interpol8/interpol8.go:210.30,213.44 2 1
_/big/home/arduino/widuino/interpol8/interpol8.go:216.7,216.44 1 1
_/big/home/arduino/widuino/interpol8/interpol8.go:213.44,215.8 1 1
_/big/home/arduino/widuino/interpol8/interpol8.go:216.44,218.8 1 1
_/big/home/arduino/widuino/interpol8/interpol8.go:229.5,231.37 2 1
_/big/home/arduino/widuino/interpol8/interpol8.go:234.6,234.37 1 1
_/big/home/arduino/widuino/interpol8/interpol8.go:237.5,238.28 1 1
_/big/home/arduino/widuino/interpol8/interpol8.go:231.37,233.7 1 0
_/big/home/arduino/widuino/interpol8/interpol8.go:234.37,236.7 1 1
_/big/home/arduino/widuino/interpol8/interpol8.go:238.28,241.44 2 1
_/big/home/arduino/widuino/interpol8/interpol8.go:244.7,244.44 1 1
_/big/home/arduino/widuino/interpol8/interpol8.go:241.44,243.8 1 1
_/big/home/arduino/widuino/interpol8/interpol8.go:244.44,246.8 1 1
_/big/home/arduino/widuino/interpol8/interpol8.go:253.5,261.38 8 1
_/big/home/arduino/widuino/interpol8/interpol8.go:264.6,264.38 1 1
_/big/home/arduino/widuino/interpol8/interpol8.go:267.6,267.38 1 1
_/big/home/arduino/widuino/interpol8/interpol8.go:270.6,270.38 1 1
_/big/home/arduino/widuino/interpol8/interpol8.go:273.5,274.40 1 1
_/big/home/arduino/widuino/interpol8/interpol8.go:261.38,263.7 1 1
_/big/home/arduino/widuino/interpol8/interpol8.go:264.38,266.7 1 1
_/big/home/arduino/widuino/interpol8/interpol8.go:267.38,269.7 1 0
_/big/home/arduino/widuino/interpol8/interpol8.go:270.38,272.7 1 1
_/big/home/arduino/widuino/interpol8/interpol8.go:274.40,279.44 3 1
_/big/home/arduino/widuino/interpol8/interpol8.go:282.7,282.44 1 1
_/big/home/arduino/widuino/interpol8/interpol8.go:279.44,281.8 1 1
_/big/home/arduino/widuino/interpol8/interpol8.go:282.44,284.8 1 1
_/big/home/arduino/widuino/interpol8/interpol8.go:295.18,297.4 1 1
_/big/home/arduino/widuino/interpol8/interpol8.go:297.5,299.47 1 1
_/big/home/arduino/widuino/interpol8/interpol8.go:299.47,304.5 2 1
_/big/home/arduino/widuino/interpol8/interpol8.go:304.6,307.5 2 1
_/big/home/arduino/widuino/interpol8/interpol8.go:317.57,320.21 3 1
_/big/home/arduino/widuino/interpol8/interpol8.go:326.2,326.12 1 1
_/big/home/arduino/widuino/interpol8/interpol8.go:320.21,325.3 4 1
_/big/home/arduino/widuino/interpol8/interpol8.go:330.62,331.18 1 1
_/big/home/arduino/widuino/interpol8/interpol8.go:334.2,335.21 2 1
_/big/home/arduino/widuino/interpol8/interpol8.go:339.2,340.29 2 1
_/big/home/arduino/widuino/interpol8/interpol8.go:331.18,333.3 1 1
_/big/home/arduino/widuino/interpol8/interpol8.go:335.21,338.3 1 1
_/big/home/arduino/widuino/interpol8/interpol8.go:344.59,345.32 1 1
_/big/home/arduino/widuino/interpol8/interpol8.go:352.2,352.12 1 1
_/big/home/arduino/widuino/interpol8/interpol8.go:345.32,346.26 1 1
_/big/home/arduino/widuino/interpol8/interpol8.go:346.26,350.4 1 1
_/big/home/arduino/widuino/interpol8/interpol8.go:356.57,357.36 1 1
_/big/home/arduino/widuino/interpol8/interpol8.go:364.2,364.12 1 1
_/big/home/arduino/widuino/interpol8/interpol8.go:357.36,358.29 1 1
_/big/home/arduino/widuino/interpol8/interpol8.go:358.29,362.4 1 1
